<?xml version="1.0" encoding="UTF-8"?>
<!-- Generated by org.testng.reporters.JUnitXMLReporter -->
<testsuite ignored="0" hostname="Queen" failures="0" tests="2" name="Error ValidationTest" time="0.043" errors="0" timestamp="2024-07-04T14:22:34 IST">
  <testcase classname="rivekajoshi.TestComponent.BaseTest" name="@BeforeMethod launch" time="0.026">
    <failure type="java.lang.NoSuchMethodError" message="&amp;apos;void org.openqa.selenium.remote.service.DriverFinder.&amp;lt;init&amp;gt;(org.openqa.selenium.remote.service.DriverService, org.openqa.selenium.Capabilities)&amp;apos;">
      <![CDATA[java.lang.NoSuchMethodError: 'void org.openqa.selenium.remote.service.DriverFinder.<init>(org.openqa.selenium.remote.service.DriverService, org.openqa.selenium.Capabilities)'
at org.openqa.selenium.chrome.ChromeDriver.generateExecutor(ChromeDriver.java:98)
at org.openqa.selenium.chrome.ChromeDriver.<init>(ChromeDriver.java:88)
at org.openqa.selenium.chrome.ChromeDriver.<init>(ChromeDriver.java:83)
at org.openqa.selenium.chrome.ChromeDriver.<init>(ChromeDriver.java:51)
at rivekajoshi.TestComponent.BaseTest.initializer(BaseTest.java:34)
at rivekajoshi.TestComponent.BaseTest.launch(BaseTest.java:56)
at java.base/java.util.ArrayList.forEach(ArrayList.java:1511)
... Removed 31 stack frames]]>
    </failure>
  </testcase> <!-- @BeforeMethod launch -->
  <testcase classname="rivekajoshi.TestComponent.BaseTest" name="@AfterMethod teardown" time="-1.720083154138E9">
    <skipped/>
  </testcase> <!-- @AfterMethod teardown -->
  <testcase classname="rivekajoshi.TestComponent.BaseTest" name="@BeforeMethod launch" time="-1.720083154141E9">
    <skipped/>
  </testcase> <!-- @BeforeMethod launch -->
  <testcase classname="rivekajoshi.TestComponent.BaseTest" name="@AfterMethod teardown" time="-1.720083154145E9">
    <skipped/>
  </testcase> <!-- @AfterMethod teardown -->
  <testcase classname="rivekajoshi.Test.ErrorValidationTest" name="ProductErrorValidation" time="0.0">
    <skipped/>
  </testcase> <!-- ProductErrorValidation -->
  <testcase classname="rivekajoshi.Test.ErrorValidationTest" name="submittingorder" time="0.0">
    <skipped/>
  </testcase> <!-- submittingorder -->
</testsuite> <!-- Error ValidationTest -->
