<?xml version="1.0" encoding="UTF-8"?>
<!-- Generated by org.testng.reporters.JUnitXMLReporter -->
<testsuite ignored="1" hostname="Queen" failures="0" tests="2" name="Anotation" time="0.006" errors="0" timestamp="2024-06-29T19:37:31 IST">
  <testcase classname="testNg_practical.Day4" name="Mobilelogincarloan" time="0.0"/>
  <testcase classname="testNg_practical.Day4" name="weblogincarloan" time="0.001"/>
  <testcase classname="testNg_practical.Day4" name="LoginApicarloan" time="0.0">
    <ignored/>
  </testcase> <!-- LoginApicarloan -->
</testsuite> <!-- Anotation -->
