<?xml version="1.0" encoding="UTF-8"?>
<!-- Generated by org.testng.reporters.JUnitXMLReporter -->
<testsuite ignored="0" hostname="Queen" failures="1" tests="6" name="personal loan" time="0.06" errors="0" timestamp="2024-06-29T19:37:31 IST">
  <testcase classname="testNg_practical.Day1" name="demo" time="0.008">
    <failure type="java.lang.AssertionError" message="expected [true] but found [false]">
      <![CDATA[java.lang.AssertionError: expected [true] but found [false]
at testNg_practical.Day1.demo(Day1.java:24)
at java.base/java.util.ArrayList.forEach(ArrayList.java:1511)
... Removed 31 stack frames]]>
    </failure>
  </testcase> <!-- demo -->
  <testcase classname="testNg_practical.Day2" name="Noddy" time="0.001"/>
  <testcase classname="testNg_practical.Day2" name="doggykeeper" time="0.0"/>
  <testcase classname="testNg_practical.Day2" name="doggykeeper" time="0.001"/>
  <testcase classname="testNg_practical.Day2" name="doggykeeper" time="0.001"/>
  <testcase classname="testNg_practical.Day2" name="oswald" time="0.001"/>
</testsuite> <!-- personal loan -->
