<?xml version="1.0" encoding="UTF-8"?>
<!-- Generated by org.testng.reporters.JUnitXMLReporter -->
<testsuite ignored="6" hostname="Queen" failures="0" tests="4" name=" Smoke testing" time="0.047" errors="0" timestamp="2024-06-26T21:25:08 IST">
  <testcase classname="testNg_practical.Day1" name="demo" time="0.008"/>
  <testcase classname="testNg_practical.Day2" name="Noddy" time="0.001"/>
  <testcase classname="testNg_practical.Day3" name="dexter" time="0.001"/>
  <testcase classname="testNg_practical.Day4" name="Mobilelogincarloan" time="0.001"/>
  <testcase classname="testNg_practical.Day3" name="horridhenry" time="0.0">
    <ignored/>
  </testcase> <!-- horridhenry -->
  <testcase classname="testNg_practical.Day4" name="weblogincarloan" time="0.0">
    <ignored/>
  </testcase> <!-- weblogincarloan -->
  <testcase classname="testNg_practical.Day2" name="oswald" time="0.0">
    <ignored/>
  </testcase> <!-- oswald -->
  <testcase classname="testNg_practical.Day2" name="doggykeeper" time="0.0">
    <ignored/>
  </testcase> <!-- doggykeeper -->
  <testcase classname="testNg_practical.Day3" name="tweety" time="0.0">
    <ignored/>
  </testcase> <!-- tweety -->
  <testcase classname="testNg_practical.Day4" name="LoginApicarloan" time="0.0">
    <ignored/>
  </testcase> <!-- LoginApicarloan -->
</testsuite> <!--  Smoke testing -->
