<?xml version="1.0" encoding="UTF-8"?>
<!-- Generated by org.testng.reporters.JUnitXMLReporter -->
<testsuite ignored="0" hostname="Queen" failures="0" tests="3" name="Tiny tv" time="0.013" errors="0" timestamp="2024-06-29T19:37:31 IST">
  <testcase classname="testNg_practical.Day3" name="tweety" time="0.002"/>
  <testcase classname="testNg_practical.Day3" name="dexter" time="0.001"/>
  <testcase classname="testNg_practical.Day3" name="horridhenry" time="0.0"/>
</testsuite> <!-- Tiny tv -->
